0000000000000000000
0100000000000000000
1011000000000000000
1000000000000000000
1000000000000000000
1000000000000000000
1000000001000000000
1000000001000000000
0000000001000000000
0100000000000000000
0100000000000000000
0100000000000000000
0100000000000000000
0100000000000000000
0100000000000000000
0100000000000000000
0100000000000000000
0100000000000000000
1011000000000000000
1000000000000000000
1000000000000000000
1000000000001000000
1000000000010000000
1000000000010000000
1000000000010000000
0000000000010000000
0100000000000000000
0100000000000000000
0100000000000000000
0100000000000000000
0100000000000000000
0100000000000000000
0100000000000000000
0100000000000000000
0100000000000000000
0100000000000000000
0100000000000000000
1011000000000000000
1011000000000000000
1011000000000001000
1011000000000001000
1011000000000001000
1011000001000001000
1011000001000001000
0011000001000001000
0100000000000000000
