0000000000000000000
0100000000000000000
0100000000000000000
0100000000000000000
0100000000000000000
0100000000000000000
0100000000000000000
1011000000000000000
1011000000000000000
1011000000000001000
1011000000000010000
1011000000000010000
1011000000001010000
1011000000001010000
1011000000001010000
1011001000001010000
1011010000001010000
1000000000000000000
1000000000000001000
1000000000000010000
1000000000000010000
1000000000001010000
0100000000000000000
0100000000000000000
0100000000000000000
0100000000000000000
0100000000000000000
0100000000000000000
0100000000000000000
1001000000000000000
1001000000000000000
1001000000000001000
