0000000000000000000
0100000000000000000
1001000000000000000
1001000000000000000
1001000000000000000
1001000000001000000
1001000000010000000
1001000000010000000
1001000001010000000
1001000010010000000
1001000010010000000
1001001010010000000
1001010010010000000
1000000000000000000
1000000000000001000
1000000000000001000
1000000000000001000
1000000000000001000
0000000000000001000
0100000000000000000
0100000000000000000
0100000000000000000
0100000000000000000
0100000000000000000
1011000000000000000
1011000000000000000
1011000000000000000
1011000000000000000
1011000001000000000
1011000001000000000
0011000001000000000
0100000000000000000
0100000000000000000
