0000000000000000000
0100000000000000000
1011000000000000000
1011000000000000000
1011000000000001000
1011000000000001000
1011000000000001000
1011000001000001000
1011000001000001000
1011001001000001000
1011010001000001000
1011011001000001000
1000000000000000000
1000000000000001000
1000000000000001000
1000000000001001000
1000000000010001000
1000000000011001000
1000000000011001000
1000000000011001000
1000001000011001000
0000001000011001000
0100000000000000000
0100000000000000000
0100000000000000000
0100000000000000000
0100000000000000000
0100000000000000000
0100000000000000000
0100000000000000000
0100000000000000000
1010000000000000000
1010000000000000000
1010000000000001000
1010000000000010000
1010000000000010000
1010000000001010000
1010000000001010000
1010000001001010000
1010000001001010000
1010001001001010000
0100000000000000000
0100000000000000000
1001000000000000000
0100000000000000000
0100000000000000000
0100000000000000000
0100000000000000000
0100000000000000000
0100000000000000000
