0000000000000000000
0100000000000000000
0100000000000000000
0100000000000000000
0100000000000000000
0100000000000000000
0100000000000000000
0100000000000000000
0100000000000000000
0100000000000000000
0100000000000000000
0100000000000000000
0100000000000000000
0100000000000000000
0100000000000000000
0100000000000000000
0100000000000000000
0100000000000000000
1010000000000000000
1010000000000000000
1010000000000001000
1010000000000001000
1010000000000001000
1010000000000001000
0010000000000001000
0100000000000000000
0100000000000000000
0100000000000000000
0100000000000000000
