0000000000000000000
0100000000000000000
0100000000000000000
0100000000000000000
0100000000000000000
0100000000000000000
0100000000000000000
0100000000000000000
0100000000000000000
0100000000000000000
0100000000000000000
0100000000000000000
0100000000000000000
0100000000000000000
0100000000000000000
0100000000000000000
0100000000000000000
0100000000000000000
1010000000000000000
1010000000000000000
1010000000000000000
1010000000001000000
1010000000010000000
1010000000010000000
1010000001010000000
1010000010010000000
1010000011010000000
1010000011010000000
1010001011010000000
1010010011010000000
1000000000000000000
1000000000000001000
1000000000000001000
