0000000000000000000
0100000000000000000
1011000000000000000
1000000000000000000
1000000000000000000
1000000000001000000
1000000000001000000
1000000000001000000
0000000000001000000
0100000000000000000
0100000000000000000
0100000000000000000
0100000000000000000
0100000000000000000
0100000000000000000
0100000000000000000
0100000000000000000
0100000000000000000
1010000000000000000
1010000000000000000
1010000000000000000
1010000000001000000
1010000000010000000
1010000000010000000
1010000001010000000
1010000010010000000
1010000010010000000
0100000000000000000
0100000000000000000
0100000000000000000
0100000000000000000
1011000000000000000
1011000000000000000
1011000000000000000
1011000000000000000
1011000000000000000
1011001000000000000
1011010000000000000
1000000000000000000
1000000000000000000
1000000000001000000
1000000000010000000
1000000000010000000
1000000001010000000
1000000001010000000
0000000001010000000
