g1:
[4](+) 0x7fe619c048e0 (1)
  [2](+) 0x7fe619c047a0 (3)
    [0](+) 0x7fe619c04530 (16)
    [0](-) 0x7fe619c04530 (16) (*)
  [0](-) 0x7fe619c04530 (16) (*)

==> Total #BddNodes : 3

g2:
[5](-) 0x7fe619c04920 (1)
  [3](+) 0x7fe619c047e0 (3)
    [0](+) 0x7fe619c04530 (17)
    [0](-) 0x7fe619c04530 (17) (*)
  [0](+) 0x7fe619c04530 (17) (*)

==> Total #BddNodes : 3

g3:
[2](+) 0x7fe619c04960 (1)
  [1](+) 0x7fe619c04760 (3)
    [0](+) 0x7fe619c04530 (18)
    [0](-) 0x7fe619c04530 (18) (*)
  [0](-) 0x7fe619c04530 (18) (*)

==> Total #BddNodes : 3

g4:
[4](+) 0x7fe619c049e0 (1)
  [3](+) 0x7fe619c049a0 (1)
    [2](+) 0x7fe619c047a0 (4)
      [0](+) 0x7fe619c04530 (20)
      [0](-) 0x7fe619c04530 (20) (*)
    [0](-) 0x7fe619c04530 (20) (*)
  [0](-) 0x7fe619c04530 (20) (*)

==> Total #BddNodes : 4

g5:
[5](+) 0x7fe619c04aa0 (1)
  [4](+) 0x7fe619c04a60 (1)
    [3](+) 0x7fe619c04a20 (1)
      [2](+) 0x7fe619c047a0 (5)
        [0](+) 0x7fe619c04530 (21)
        [0](-) 0x7fe619c04530 (21) (*)
      [0](+) 0x7fe619c04530 (21) (*)
    [3](-) 0x7fe619c047e0 (4)
      [0](+) 0x7fe619c04530 (21) (*)
      [0](-) 0x7fe619c04530 (21) (*)
  [4](+) 0x7fe619c048e0 (2)
    [2](+) 0x7fe619c047a0 (5) (*)
    [0](-) 0x7fe619c04530 (21) (*)

==> Total #BddNodes : 7

g6:
[5](+) 0x7fe619c04b20 (1)
  [4](+) 0x7fe619c04ae0 (1)
    [0](+) 0x7fe619c04530 (22)
    [3](-) 0x7fe619c047e0 (5)
      [0](+) 0x7fe619c04530 (22) (*)
      [0](-) 0x7fe619c04530 (22) (*)
  [4](+) 0x7fe619c04820 (3)
    [0](+) 0x7fe619c04530 (22) (*)
    [0](-) 0x7fe619c04530 (22) (*)

==> Total #BddNodes : 5

g7:
[5](+) 0x7fe619c04c20 (1)
  [4](+) 0x7fe619c04ba0 (1)
    [2](+) 0x7fe619c04960 (4)
      [1](+) 0x7fe619c04760 (3)
        [0](+) 0x7fe619c04530 (24)
        [0](-) 0x7fe619c04530 (24) (*)
      [0](-) 0x7fe619c04530 (24) (*)
    [3](-) 0x7fe619c04b60 (1)
      [0](+) 0x7fe619c04530 (24) (*)
      [2](-) 0x7fe619c04960 (4) (*)
  [4](+) 0x7fe619c04900 (1)
    [2](+) 0x7fe619c04960 (4) (*)
    [0](-) 0x7fe619c04530 (24) (*)

==> Total #BddNodes : 7

g8:
[5](+) 0x7fe619c04d20 (1)
  [4](+) 0x7fe619c04ca0 (1)
    [3](+) 0x7fe619c04a40 (2)
      [2](+) 0x7fe619c047a0 (6)
        [0](+) 0x7fe619c04530 (25)
        [0](-) 0x7fe619c04530 (25) (*)
      [2](+) 0x7fe619c04960 (5)
        [1](+) 0x7fe619c04760 (3)
          [0](+) 0x7fe619c04530 (25) (*)
          [0](-) 0x7fe619c04530 (25) (*)
        [0](-) 0x7fe619c04530 (25) (*)
    [3](-) 0x7fe619c04b60 (2)
      [0](+) 0x7fe619c04530 (25) (*)
      [2](-) 0x7fe619c04960 (5) (*)
  [4](+) 0x7fe619c04ce0 (1)
    [3](+) 0x7fe619c04a40 (2) (*)
    [0](-) 0x7fe619c04530 (25) (*)

==> Total #BddNodes : 9

g9:
[6](+) 0x7fe619c04d60 (1)
  [5](+) 0x7fe619c04d20 (2)
    [4](+) 0x7fe619c04ca0 (1)
      [3](+) 0x7fe619c04a40 (2)
        [2](+) 0x7fe619c047a0 (6)
          [0](+) 0x7fe619c04530 (26)
          [0](-) 0x7fe619c04530 (26) (*)
        [2](+) 0x7fe619c04960 (5)
          [1](+) 0x7fe619c04760 (3)
            [0](+) 0x7fe619c04530 (26) (*)
            [0](-) 0x7fe619c04530 (26) (*)
          [0](-) 0x7fe619c04530 (26) (*)
      [3](-) 0x7fe619c04b60 (2)
        [0](+) 0x7fe619c04530 (26) (*)
        [2](-) 0x7fe619c04960 (5) (*)
    [4](+) 0x7fe619c04ce0 (1)
      [3](+) 0x7fe619c04a40 (2) (*)
      [0](-) 0x7fe619c04530 (26) (*)
  [0](-) 0x7fe619c04530 (26) (*)

==> Total #BddNodes : 10

