g1:
[4](+) 0x7fe67bc048e0 (1)
  [2](+) 0x7fe67bc047a0 (3)
    [0](+) 0x7fe67bc04530 (16)
    [0](-) 0x7fe67bc04530 (16) (*)
  [0](-) 0x7fe67bc04530 (16) (*)

==> Total #BddNodes : 3

g2:
[5](-) 0x7fe67bc04920 (1)
  [3](+) 0x7fe67bc047e0 (3)
    [0](+) 0x7fe67bc04530 (17)
    [0](-) 0x7fe67bc04530 (17) (*)
  [0](+) 0x7fe67bc04530 (17) (*)

==> Total #BddNodes : 3

g3:
[2](+) 0x7fe67bc04960 (1)
  [1](+) 0x7fe67bc04760 (3)
    [0](+) 0x7fe67bc04530 (18)
    [0](-) 0x7fe67bc04530 (18) (*)
  [0](-) 0x7fe67bc04530 (18) (*)

==> Total #BddNodes : 3

g4:
[4](+) 0x7fe67bc049e0 (1)
  [3](+) 0x7fe67bc049a0 (1)
    [2](+) 0x7fe67bc047a0 (4)
      [0](+) 0x7fe67bc04530 (20)
      [0](-) 0x7fe67bc04530 (20) (*)
    [0](-) 0x7fe67bc04530 (20) (*)
  [0](-) 0x7fe67bc04530 (20) (*)

==> Total #BddNodes : 4

g5:
[5](+) 0x7fe67bc04aa0 (1)
  [4](+) 0x7fe67bc04a60 (1)
    [3](+) 0x7fe67bc04a20 (1)
      [2](+) 0x7fe67bc047a0 (5)
        [0](+) 0x7fe67bc04530 (21)
        [0](-) 0x7fe67bc04530 (21) (*)
      [0](+) 0x7fe67bc04530 (21) (*)
    [3](-) 0x7fe67bc047e0 (4)
      [0](+) 0x7fe67bc04530 (21) (*)
      [0](-) 0x7fe67bc04530 (21) (*)
  [4](+) 0x7fe67bc048e0 (2)
    [2](+) 0x7fe67bc047a0 (5) (*)
    [0](-) 0x7fe67bc04530 (21) (*)

==> Total #BddNodes : 7

g6:
[5](+) 0x7fe67bc04b20 (1)
  [4](+) 0x7fe67bc04ae0 (1)
    [0](+) 0x7fe67bc04530 (22)
    [3](-) 0x7fe67bc047e0 (5)
      [0](+) 0x7fe67bc04530 (22) (*)
      [0](-) 0x7fe67bc04530 (22) (*)
  [4](+) 0x7fe67bc04820 (3)
    [0](+) 0x7fe67bc04530 (22) (*)
    [0](-) 0x7fe67bc04530 (22) (*)

==> Total #BddNodes : 5

g7:
[5](+) 0x7fe67bd000c0 (1)
  [4](+) 0x7fe67bd00040 (1)
    [2](+) 0x7fe67bc04960 (4)
      [1](+) 0x7fe67bc04760 (3)
        [0](+) 0x7fe67bc04530 (24)
        [0](-) 0x7fe67bc04530 (24) (*)
      [0](-) 0x7fe67bc04530 (24) (*)
    [3](-) 0x7fe67bd00000 (1)
      [0](+) 0x7fe67bc04530 (24) (*)
      [2](-) 0x7fe67bc04960 (4) (*)
  [4](+) 0x7fe67bd00080 (1)
    [2](+) 0x7fe67bc04960 (4) (*)
    [0](-) 0x7fe67bc04530 (24) (*)

==> Total #BddNodes : 7

g8:
[5](+) 0x7fe67bd001c0 (1)
  [4](+) 0x7fe67bd00140 (1)
    [3](+) 0x7fe67bd00100 (2)
      [2](+) 0x7fe67bc047a0 (6)
        [0](+) 0x7fe67bc04530 (25)
        [0](-) 0x7fe67bc04530 (25) (*)
      [2](+) 0x7fe67bc04960 (5)
        [1](+) 0x7fe67bc04760 (3)
          [0](+) 0x7fe67bc04530 (25) (*)
          [0](-) 0x7fe67bc04530 (25) (*)
        [0](-) 0x7fe67bc04530 (25) (*)
    [3](-) 0x7fe67bd00000 (2)
      [0](+) 0x7fe67bc04530 (25) (*)
      [2](-) 0x7fe67bc04960 (5) (*)
  [4](+) 0x7fe67bd00180 (1)
    [3](+) 0x7fe67bd00100 (2) (*)
    [0](-) 0x7fe67bc04530 (25) (*)

==> Total #BddNodes : 9

g9:
[6](+) 0x7fe67bd00240 (1)
  [5](+) 0x7fe67bd001c0 (2)
    [4](+) 0x7fe67bd00140 (1)
      [3](+) 0x7fe67bd00100 (2)
        [2](+) 0x7fe67bc047a0 (6)
          [0](+) 0x7fe67bc04530 (27)
          [0](-) 0x7fe67bc04530 (27) (*)
        [2](+) 0x7fe67bc04960 (5)
          [1](+) 0x7fe67bc04760 (3)
            [0](+) 0x7fe67bc04530 (27) (*)
            [0](-) 0x7fe67bc04530 (27) (*)
          [0](-) 0x7fe67bc04530 (27) (*)
      [3](-) 0x7fe67bd00000 (2)
        [0](+) 0x7fe67bc04530 (27) (*)
        [2](-) 0x7fe67bc04960 (5) (*)
    [4](+) 0x7fe67bd00180 (1)
      [3](+) 0x7fe67bd00100 (2) (*)
      [0](-) 0x7fe67bc04530 (27) (*)
  [0](-) 0x7fe67bc04530 (27) (*)

==> Total #BddNodes : 10

