g1:
[4](+) 0x7fe1c2c048e0 (1)
  [2](+) 0x7fe1c2c047a0 (3)
    [0](+) 0x7fe1c2c04530 (16)
    [0](-) 0x7fe1c2c04530 (16) (*)
  [0](-) 0x7fe1c2c04530 (16) (*)

==> Total #BddNodes : 3

g2:
[5](-) 0x7fe1c2c04920 (1)
  [3](+) 0x7fe1c2c047e0 (3)
    [0](+) 0x7fe1c2c04530 (17)
    [0](-) 0x7fe1c2c04530 (17) (*)
  [0](+) 0x7fe1c2c04530 (17) (*)

==> Total #BddNodes : 3

g3:
[2](+) 0x7fe1c2c04960 (1)
  [1](+) 0x7fe1c2c04760 (3)
    [0](+) 0x7fe1c2c04530 (18)
    [0](-) 0x7fe1c2c04530 (18) (*)
  [0](-) 0x7fe1c2c04530 (18) (*)

==> Total #BddNodes : 3

g4:
[4](+) 0x7fe1c2c049e0 (1)
  [3](+) 0x7fe1c2c049a0 (1)
    [2](+) 0x7fe1c2c047a0 (4)
      [0](+) 0x7fe1c2c04530 (20)
      [0](-) 0x7fe1c2c04530 (20) (*)
    [0](-) 0x7fe1c2c04530 (20) (*)
  [0](-) 0x7fe1c2c04530 (20) (*)

==> Total #BddNodes : 4

g5:
[5](+) 0x7fe1c2c04aa0 (1)
  [4](+) 0x7fe1c2c04a60 (1)
    [3](+) 0x7fe1c2c04a20 (1)
      [2](+) 0x7fe1c2c047a0 (5)
        [0](+) 0x7fe1c2c04530 (21)
        [0](-) 0x7fe1c2c04530 (21) (*)
      [0](+) 0x7fe1c2c04530 (21) (*)
    [3](-) 0x7fe1c2c047e0 (4)
      [0](+) 0x7fe1c2c04530 (21) (*)
      [0](-) 0x7fe1c2c04530 (21) (*)
  [4](+) 0x7fe1c2c048e0 (2)
    [2](+) 0x7fe1c2c047a0 (5) (*)
    [0](-) 0x7fe1c2c04530 (21) (*)

==> Total #BddNodes : 7

g6:
[5](+) 0x7fe1c2c04b20 (1)
  [4](+) 0x7fe1c2c04ae0 (1)
    [0](+) 0x7fe1c2c04530 (22)
    [3](-) 0x7fe1c2c047e0 (5)
      [0](+) 0x7fe1c2c04530 (22) (*)
      [0](-) 0x7fe1c2c04530 (22) (*)
  [4](+) 0x7fe1c2c04820 (3)
    [0](+) 0x7fe1c2c04530 (22) (*)
    [0](-) 0x7fe1c2c04530 (22) (*)

==> Total #BddNodes : 5

g7:
[5](+) 0x7fe1c2c04c20 (1)
  [4](+) 0x7fe1c2c04ba0 (1)
    [2](+) 0x7fe1c2c04960 (4)
      [1](+) 0x7fe1c2c04760 (3)
        [0](+) 0x7fe1c2c04530 (24)
        [0](-) 0x7fe1c2c04530 (24) (*)
      [0](-) 0x7fe1c2c04530 (24) (*)
    [3](-) 0x7fe1c2c04b60 (1)
      [0](+) 0x7fe1c2c04530 (24) (*)
      [2](-) 0x7fe1c2c04960 (4) (*)
  [4](+) 0x7fe1c2c04900 (1)
    [2](+) 0x7fe1c2c04960 (4) (*)
    [0](-) 0x7fe1c2c04530 (24) (*)

==> Total #BddNodes : 7

g8:
[5](+) 0x7fe1c2c04d20 (1)
  [4](+) 0x7fe1c2c04ca0 (1)
    [3](+) 0x7fe1c2c04a40 (2)
      [2](+) 0x7fe1c2c047a0 (6)
        [0](+) 0x7fe1c2c04530 (25)
        [0](-) 0x7fe1c2c04530 (25) (*)
      [2](+) 0x7fe1c2c04960 (5)
        [1](+) 0x7fe1c2c04760 (3)
          [0](+) 0x7fe1c2c04530 (25) (*)
          [0](-) 0x7fe1c2c04530 (25) (*)
        [0](-) 0x7fe1c2c04530 (25) (*)
    [3](-) 0x7fe1c2c04b60 (2)
      [0](+) 0x7fe1c2c04530 (25) (*)
      [2](-) 0x7fe1c2c04960 (5) (*)
  [4](+) 0x7fe1c2c04ce0 (1)
    [3](+) 0x7fe1c2c04a40 (2) (*)
    [0](-) 0x7fe1c2c04530 (25) (*)

==> Total #BddNodes : 9

g9:
[6](+) 0x7fe1c2c04da0 (1)
  [5](+) 0x7fe1c2c04d20 (2)
    [4](+) 0x7fe1c2c04ca0 (1)
      [3](+) 0x7fe1c2c04a40 (2)
        [2](+) 0x7fe1c2c047a0 (6)
          [0](+) 0x7fe1c2c04530 (27)
          [0](-) 0x7fe1c2c04530 (27) (*)
        [2](+) 0x7fe1c2c04960 (5)
          [1](+) 0x7fe1c2c04760 (3)
            [0](+) 0x7fe1c2c04530 (27) (*)
            [0](-) 0x7fe1c2c04530 (27) (*)
          [0](-) 0x7fe1c2c04530 (27) (*)
      [3](-) 0x7fe1c2c04b60 (2)
        [0](+) 0x7fe1c2c04530 (27) (*)
        [2](-) 0x7fe1c2c04960 (5) (*)
    [4](+) 0x7fe1c2c04ce0 (1)
      [3](+) 0x7fe1c2c04a40 (2) (*)
      [0](-) 0x7fe1c2c04530 (27) (*)
  [0](-) 0x7fe1c2c04530 (27) (*)

==> Total #BddNodes : 10

Diff(g9|g5):
[6](+) 0x7fe1c2c04da0 (2)
  [5](+) 0x7fe1c2c04d20 (2)
    [4](+) 0x7fe1c2c04ca0 (1)
      [3](+) 0x7fe1c2c04a40 (2)
        [2](+) 0x7fe1c2c047a0 (6)
          [0](+) 0x7fe1c2c04530 (27)
          [0](-) 0x7fe1c2c04530 (27) (*)
        [2](+) 0x7fe1c2c04960 (5)
          [1](+) 0x7fe1c2c04760 (3)
            [0](+) 0x7fe1c2c04530 (27) (*)
            [0](-) 0x7fe1c2c04530 (27) (*)
          [0](-) 0x7fe1c2c04530 (27) (*)
      [3](-) 0x7fe1c2c04b60 (2)
        [0](+) 0x7fe1c2c04530 (27) (*)
        [2](-) 0x7fe1c2c04960 (5) (*)
    [4](+) 0x7fe1c2c04ce0 (1)
      [3](+) 0x7fe1c2c04a40 (2) (*)
      [0](-) 0x7fe1c2c04530 (27) (*)
  [0](-) 0x7fe1c2c04530 (27) (*)

==> Total #BddNodes : 10

