g1:
[4](+) 0x7fa180e001c0 (1)
  [2](+) 0x7fa180e00080 (3)
    [0](+) 0x7fa180e00000 (16)
    [0](-) 0x7fa180e00000 (16) (*)
  [0](-) 0x7fa180e00000 (16) (*)

==> Total #BddNodes : 3

g2:
[5](-) 0x7fa180e00200 (1)
  [3](+) 0x7fa180e000c0 (3)
    [0](+) 0x7fa180e00000 (17)
    [0](-) 0x7fa180e00000 (17) (*)
  [0](+) 0x7fa180e00000 (17) (*)

==> Total #BddNodes : 3

g3:
[2](+) 0x7fa180e00240 (1)
  [1](+) 0x7fa180e00040 (3)
    [0](+) 0x7fa180e00000 (18)
    [0](-) 0x7fa180e00000 (18) (*)
  [0](-) 0x7fa180e00000 (18) (*)

==> Total #BddNodes : 3

g4:
[4](+) 0x7fa180e002c0 (1)
  [3](+) 0x7fa180e001a0 (1)
    [2](+) 0x7fa180e00080 (4)
      [0](+) 0x7fa180e00000 (20)
      [0](-) 0x7fa180e00000 (20) (*)
    [0](-) 0x7fa180e00000 (20) (*)
  [0](-) 0x7fa180e00000 (20) (*)

==> Total #BddNodes : 4

g5:
[5](+) 0x7fa180e00380 (1)
  [4](+) 0x7fa180e000e0 (1)
    [3](+) 0x7fa180e00300 (1)
      [2](+) 0x7fa180e00080 (5)
        [0](+) 0x7fa180e00000 (21)
        [0](-) 0x7fa180e00000 (21) (*)
      [0](+) 0x7fa180e00000 (21) (*)
    [3](-) 0x7fa180e000c0 (4)
      [0](+) 0x7fa180e00000 (21) (*)
      [0](-) 0x7fa180e00000 (21) (*)
  [4](+) 0x7fa180e001c0 (2)
    [2](+) 0x7fa180e00080 (5) (*)
    [0](-) 0x7fa180e00000 (21) (*)

==> Total #BddNodes : 7

g6:
[5](+) 0x7fa180e00400 (1)
  [4](+) 0x7fa180e003c0 (1)
    [0](+) 0x7fa180e00000 (22)
    [3](-) 0x7fa180e000c0 (5)
      [0](+) 0x7fa180e00000 (22) (*)
      [0](-) 0x7fa180e00000 (22) (*)
  [4](+) 0x7fa180e00100 (3)
    [0](+) 0x7fa180e00000 (22) (*)
    [0](-) 0x7fa180e00000 (22) (*)

==> Total #BddNodes : 5

g7:
[5](+) 0x7fa180e00500 (1)
  [4](+) 0x7fa180e003a0 (1)
    [2](+) 0x7fa180e00240 (4)
      [1](+) 0x7fa180e00040 (3)
        [0](+) 0x7fa180e00000 (24)
        [0](-) 0x7fa180e00000 (24) (*)
      [0](-) 0x7fa180e00000 (24) (*)
    [3](-) 0x7fa180e00440 (1)
      [0](+) 0x7fa180e00000 (24) (*)
      [2](-) 0x7fa180e00240 (4) (*)
  [4](+) 0x7fa180e004c0 (1)
    [2](+) 0x7fa180e00240 (4) (*)
    [0](-) 0x7fa180e00000 (24) (*)

==> Total #BddNodes : 7

g8:
[5](+) 0x7fa180e00660 (1)
  [4](+) 0x7fa180e005e0 (1)
    [3](+) 0x7fa180e00120 (2)
      [2](+) 0x7fa180e00080 (6)
        [0](+) 0x7fa180e00000 (25)
        [0](-) 0x7fa180e00000 (25) (*)
      [2](+) 0x7fa180e00240 (5)
        [1](+) 0x7fa180e00040 (3)
          [0](+) 0x7fa180e00000 (25) (*)
          [0](-) 0x7fa180e00000 (25) (*)
        [0](-) 0x7fa180e00000 (25) (*)
    [3](-) 0x7fa180e00440 (2)
      [0](+) 0x7fa180e00000 (25) (*)
      [2](-) 0x7fa180e00240 (5) (*)
  [4](+) 0x7fa180e00620 (1)
    [3](+) 0x7fa180e00120 (2) (*)
    [0](-) 0x7fa180e00000 (25) (*)

==> Total #BddNodes : 9

g9:
[6](+) 0x7fa180e006a0 (1)
  [5](+) 0x7fa180e00660 (2)
    [4](+) 0x7fa180e005e0 (1)
      [3](+) 0x7fa180e00120 (2)
        [2](+) 0x7fa180e00080 (6)
          [0](+) 0x7fa180e00000 (26)
          [0](-) 0x7fa180e00000 (26) (*)
        [2](+) 0x7fa180e00240 (5)
          [1](+) 0x7fa180e00040 (3)
            [0](+) 0x7fa180e00000 (26) (*)
            [0](-) 0x7fa180e00000 (26) (*)
          [0](-) 0x7fa180e00000 (26) (*)
      [3](-) 0x7fa180e00440 (2)
        [0](+) 0x7fa180e00000 (26) (*)
        [2](-) 0x7fa180e00240 (5) (*)
    [4](+) 0x7fa180e00620 (1)
      [3](+) 0x7fa180e00120 (2) (*)
      [0](-) 0x7fa180e00000 (26) (*)
  [0](-) 0x7fa180e00000 (26) (*)

==> Total #BddNodes : 10

p7b g9
[6](-) 0x7fa180e007c0 (1)
  [5](+) 0x7fa180e002e0 (2)
    [4](+) 0x7fa180e00780 (1)
      [0](+) 0x7fa180e00000 (30)
      [3](-) 0x7fa180e001a0 (3)
        [2](+) 0x7fa180e00080 (6)
          [0](+) 0x7fa180e00000 (30) (*)
          [0](-) 0x7fa180e00000 (30) (*)
        [0](-) 0x7fa180e00000 (30) (*)
    [3](-) 0x7fa180e001a0 (3) (*)
  [0](+) 0x7fa180e00000 (30) (*)

==> Total #BddNodes : 6

