00000000000000000
01000000000000000
10110000000000000
10000000000000000
10000000000000000
10000000000010000
10000000000010000
10000000000010000
00000000000010000
01000000000000000
01000000000000000
01000000000000000
01000000000000000
01000000000000000
01000000000000000
01000000000000000
01000000000000000
01000000000000000
10100000000000000
10100000000000000
10100000000000000
10100000000010000
10100000000100000
10100000000100000
10100000010100000
10100000100100000
10100000100100000
10100010100100000
10100100100100000
00000000000000001
01000000000000000
01000000000000000
01000000000000000
01000000000000000
01000000000000000
01000000000000000
01000000000000000
10110000000000000
10110000000000000
10110000000000000
10110000000000000
10110000010000000
10110000010000000
00110000010000000
01000000000000000
01000000000000000
