00000000000000000
01000000000000000
01000000000000000
01000000000000000
01000000000000000
01000000000000000
01000000000000000
01000000000000000
01000000000000000
01000000000000000
01000000000000000
01000000000000000
01000000000000000
01000000000000000
01000000000000000
01000000000000000
01000000000000000
01000000000000000
10100000000000000
10100000000000000
10100000000000000
10100000000010000
10100000000100000
10100000000100000
10100000010100000
10100000100100000
10100000110100000
10100000110100000
10100010110100000
10100100110100000
00000000000000001
01000000000000000
01000000000000000
