00000000000000000
01000000000000000
01000000000000000
01000000000000000
01000000000000000
01000000000000000
01000000000000000
01000000000000000
01000000000000000
01000000000000000
01000000000000000
01000000000000000
01000000000000000
01000000000000000
01000000000000000
01000000000000000
01000000000000000
01000000000000000
10100000000000000
10000000000000000
10000000000000000
10000000000000000
10000000000000000
00000000000000000
01000000000000000
01000000000000000
01000000000000000
01000000000000000
01000000000000000
01000000000000000
01000000000000000
01000000000000000
01000000000000000
01000000000000000
01000000000000000
01000000000000000
01000000000000000
10110000000000000
10110000000000000
10110000000000000
10110000000000000
10110000010000000
10110000010000000
00110000010000000
01000000000000000
01000000000000000
