00000000000000000
01000000000000000
10110000000000000
10000000000000000
10000000000000000
10000000000000000
10000000010000000
10000000010000000
00000000010000000
01000000000000000
01000000000000000
01000000000000000
01000000000000000
01000000000000000
01000000000000000
01000000000000000
01000000000000000
01000000000000000
10110000000000000
10000000000000000
10000000000000000
10000000000010000
10000000000100000
10000000000100000
10000000000100000
00000000000100000
01000000000000000
01000000000000000
01000000000000000
01000000000000000
01000000000000000
01000000000000000
01000000000000000
01000000000000000
01000000000000000
01000000000000000
01000000000000000
10110000000000000
10110000000000000
10110000000000010
10110000000000010
10110000000000010
10110000010000010
10110000010000010
00110000010000010
01000000000000000
