00000000000000000
01000000000000000
01000000000000000
01000000000000000
01000000000000000
01000000000000000
01000000000000000
01000000000000000
01000000000000000
01000000000000000
01000000000000000
01000000000000000
01000000000000000
01000000000000000
01000000000000000
01000000000000000
01000000000000000
01000000000000000
10100000000000000
10100000000000000
10100000000000000
10100000000000000
10100000000000000
00100000000000000
01000000000000000
01000000000000000
01000000000000000
01000000000000000
01000000000000000
